TN:
SF:source/config.ts
FNF:0
FNH:0
DA:1,1
DA:2,1
DA:3,1
DA:4,1
DA:5,1
DA:6,1
DA:7,1
DA:8,1
DA:9,1
DA:10,1
DA:11,1
LF:11
LH:11
BRF:0
BRH:0
end_of_record
TN:
SF:source/repositories/Review.ts
FN:5,fetchReviews
FNF:1
FNH:0
FNDA:0,fetchReviews
DA:1,1
DA:2,1
DA:3,1
DA:4,1
DA:5,0
DA:6,0
DA:7,0
DA:8,0
DA:9,0
DA:10,0
DA:11,0
DA:12,1
DA:13,1
LF:13
LH:6
BRF:0
BRH:0
end_of_record
TN:
SF:source/services/Scoring.ts
FN:5,getAccommodationScores
FN:25,calculateWeightedAverage
FN:27,reviews.reduce.weight
FNF:3
FNH:2
FNDA:0,getAccommodationScores
FNDA:3,calculateWeightedAverage
FNDA:12,reviews.reduce.weight
DA:1,1
DA:2,1
DA:3,1
DA:4,1
DA:5,0
DA:6,0
DA:7,0
DA:8,0
DA:9,0
DA:10,0
DA:11,0
DA:12,0
DA:13,0
DA:14,0
DA:15,0
DA:16,0
DA:17,0
DA:18,0
DA:19,0
DA:20,0
DA:21,0
DA:22,0
DA:23,0
DA:24,1
DA:25,3
DA:26,3
DA:27,3
DA:28,12
DA:29,6
DA:30,6
DA:31,6
DA:32,6
DA:33,6
DA:34,6
DA:35,6
DA:36,6
DA:37,6
DA:38,12
DA:39,12
DA:40,12
DA:41,12
DA:42,12
DA:43,12
DA:44,12
DA:45,3
DA:46,3
DA:47,3
DA:48,3
DA:49,3
DA:50,3
DA:51,3
DA:52,3
DA:53,1
DA:54,1
DA:55,2
DA:56,2
DA:57,2
DA:58,1
DA:59,1
LF:59
LH:40
BRDA:25,0,0,3
BRDA:52,1,0,1
BRDA:52,2,0,1
BRDA:55,3,0,2
BRDA:27,4,0,12
BRDA:28,5,0,6
BRDA:38,6,0,1
BRDA:39,7,0,5
BRF:8
BRH:8
end_of_record
